[Info][01:08:05.633] OnStart
[Info][01:08:05.650] Initialize: height=1 view=0 index=0 role=Primary
[Info][01:08:05.653] Sending RecoveryRequest: height=1 view=0 nc=0 nf=0
[Info][01:08:05.672] Sending PrepareRequest: height=1 view=0
[Info][01:08:05.681] Sending Commit
[Info][01:08:05.694] Sending Block: height=1 hash=0x325f256bed7aec6ffaf046873aa71a2d03e9dc182f96221fc108434d02bc591a tx=0
[Info][01:08:05.708] Persisted Block: height=1 hash=0x325f256bed7aec6ffaf046873aa71a2d03e9dc182f96221fc108434d02bc591a tx=0 nonce=9582160997555862688
[Info][01:08:05.709] Initialize: height=2 view=0 index=0 role=Primary
[Info][01:08:20.697] Sending PrepareRequest: height=2 view=0
[Info][01:08:20.699] Sending Commit
[Info][01:08:20.702] Sending Block: height=2 hash=0xefd3ec293c74706da84bd75d2337fee3ed755cbe0ed64f26c6510c7653fc04cc tx=0
[Info][01:08:20.704] Persisted Block: height=2 hash=0xefd3ec293c74706da84bd75d2337fee3ed755cbe0ed64f26c6510c7653fc04cc tx=0 nonce=2134986336202217673
[Info][01:08:20.705] Initialize: height=3 view=0 index=0 role=Primary
[Info][01:08:35.714] Sending PrepareRequest: height=3 view=0
[Info][01:08:35.718] Sending Commit
[Info][01:08:35.721] Sending Block: height=3 hash=0x568e62dda9d8e4698fab31c1422cac77895821a526f25ddb079d5f414c6ce1e8 tx=0
[Info][01:08:35.723] Persisted Block: height=3 hash=0x568e62dda9d8e4698fab31c1422cac77895821a526f25ddb079d5f414c6ce1e8 tx=0 nonce=4748837246362454258
[Info][01:08:35.725] Initialize: height=4 view=0 index=0 role=Primary
[Info][01:08:50.732] Sending PrepareRequest: height=4 view=0
[Info][01:08:50.736] Sending Commit
[Info][01:08:50.739] Sending Block: height=4 hash=0xbb4ca2cf59b516ce9c884bf6177d9913820a6060d93b71592d46453798e9ece4 tx=0
[Info][01:08:50.741] Persisted Block: height=4 hash=0xbb4ca2cf59b516ce9c884bf6177d9913820a6060d93b71592d46453798e9ece4 tx=0 nonce=12893909663720318257
[Info][01:08:50.742] Initialize: height=5 view=0 index=0 role=Primary
[Info][01:09:05.753] Sending PrepareRequest: height=5 view=0
[Info][01:09:05.757] Sending Commit
[Info][01:09:05.764] Sending Block: height=5 hash=0xe833548845a49dea46fcc6c53371c7a024694cb32030d48bbd94350574b06d88 tx=0
[Info][01:09:05.766] Persisted Block: height=5 hash=0xe833548845a49dea46fcc6c53371c7a024694cb32030d48bbd94350574b06d88 tx=0 nonce=9821803185807026284
[Info][01:09:05.766] Initialize: height=6 view=0 index=0 role=Primary
[Info][01:09:20.781] Sending PrepareRequest: height=6 view=0
[Info][01:09:20.784] Sending Commit
[Info][01:09:20.787] Sending Block: height=6 hash=0xe251a238516419a1872c6f0d287c818a68ff471fe1773ef5be885148602494de tx=0
[Info][01:09:20.790] Persisted Block: height=6 hash=0xe251a238516419a1872c6f0d287c818a68ff471fe1773ef5be885148602494de tx=0 nonce=11046037139600774818
[Info][01:09:20.791] Initialize: height=7 view=0 index=0 role=Primary
[Info][01:09:35.801] Sending PrepareRequest: height=7 view=0
[Info][01:09:35.804] Sending Commit
[Info][01:09:35.807] Sending Block: height=7 hash=0x424e3e7585bf8736f69adb1fa79d6ab1c29142d67f356db1ef166230f2813b6c tx=0
[Info][01:09:35.809] Persisted Block: height=7 hash=0x424e3e7585bf8736f69adb1fa79d6ab1c29142d67f356db1ef166230f2813b6c tx=0 nonce=16085791157098193172
[Info][01:09:35.811] Initialize: height=8 view=0 index=0 role=Primary
[Info][01:09:50.815] Sending PrepareRequest: height=8 view=0
[Info][01:09:50.818] Sending Commit
[Info][01:09:50.833] Sending Block: height=8 hash=0x922b41f58550da54355c13adb2a008ce19484e43aa51705580d6ae935da99134 tx=0
[Info][01:09:50.835] Persisted Block: height=8 hash=0x922b41f58550da54355c13adb2a008ce19484e43aa51705580d6ae935da99134 tx=0 nonce=17437465141772121783
[Info][01:09:50.835] Initialize: height=9 view=0 index=0 role=Primary
[Info][01:10:05.839] Sending PrepareRequest: height=9 view=0
[Info][01:10:05.842] Sending Commit
[Info][01:10:05.849] Sending Block: height=9 hash=0x0de949af5c36e9d5377f16e55a85253c43fc50936de47f2f3e9f81d9e0934344 tx=0
[Info][01:10:05.852] Persisted Block: height=9 hash=0x0de949af5c36e9d5377f16e55a85253c43fc50936de47f2f3e9f81d9e0934344 tx=0 nonce=2091314843718227106
[Info][01:10:05.853] Initialize: height=10 view=0 index=0 role=Primary
[Info][01:10:20.857] Sending PrepareRequest: height=10 view=0
[Info][01:10:20.860] Sending Commit
[Info][01:10:20.863] Sending Block: height=10 hash=0xa89faaf0579ea851645c0bc7914dc56bdeb0bcc5604cfc2c85e14fea03596997 tx=0
[Info][01:10:20.865] Persisted Block: height=10 hash=0xa89faaf0579ea851645c0bc7914dc56bdeb0bcc5604cfc2c85e14fea03596997 tx=0 nonce=483725184189103552
[Info][01:10:20.866] Initialize: height=11 view=0 index=0 role=Primary
[Info][01:10:35.865] Sending PrepareRequest: height=11 view=0
[Info][01:10:35.869] Sending Commit
[Info][01:10:35.871] Sending Block: height=11 hash=0x6044d7a3affe98c209fb382b9af3ab3abf9bc7b6d60ff03df1884b48b60700b0 tx=0
[Info][01:10:35.873] Persisted Block: height=11 hash=0x6044d7a3affe98c209fb382b9af3ab3abf9bc7b6d60ff03df1884b48b60700b0 tx=0 nonce=5092454301900208539
[Info][01:10:35.874] Initialize: height=12 view=0 index=0 role=Primary
[Info][01:10:50.875] Sending PrepareRequest: height=12 view=0
[Info][01:10:50.878] Sending Commit
[Info][01:10:50.927] Sending Block: height=12 hash=0x8b2da5776db226a377332a3016beececcf90cb4ef1a941f78774c98802ae97b3 tx=0
[Info][01:10:50.929] Persisted Block: height=12 hash=0x8b2da5776db226a377332a3016beececcf90cb4ef1a941f78774c98802ae97b3 tx=0 nonce=4534956626302459569
[Info][01:10:50.931] Initialize: height=13 view=0 index=0 role=Primary
[Info][01:11:05.947] Sending PrepareRequest: height=13 view=0
[Info][01:11:05.950] Sending Commit
[Info][01:11:05.953] Sending Block: height=13 hash=0xf9b848ce56f32841896a9a6e71a2a41f11155023595c066156360de3f0df018b tx=0
[Info][01:11:05.954] Persisted Block: height=13 hash=0xf9b848ce56f32841896a9a6e71a2a41f11155023595c066156360de3f0df018b tx=0 nonce=13141692767040357249
[Info][01:11:05.955] Initialize: height=14 view=0 index=0 role=Primary
[Info][01:11:20.963] Sending PrepareRequest: height=14 view=0
[Info][01:11:20.966] Sending Commit
[Info][01:11:20.968] Sending Block: height=14 hash=0x35c2a054a95341d499e32dc12a141a509c78912883b178d8f122a9ea0cddec3b tx=0
[Info][01:11:20.970] Persisted Block: height=14 hash=0x35c2a054a95341d499e32dc12a141a509c78912883b178d8f122a9ea0cddec3b tx=0 nonce=10889898165421125293
[Info][01:11:20.971] Initialize: height=15 view=0 index=0 role=Primary
[Info][01:11:35.981] Sending PrepareRequest: height=15 view=0
[Info][01:11:35.984] Sending Commit
[Info][01:11:35.987] Sending Block: height=15 hash=0x8a546488c324e47673327d9dd0d1fb0de9f145f4df15e16dac67cae4ed7f4ea4 tx=0
[Info][01:11:35.989] Persisted Block: height=15 hash=0x8a546488c324e47673327d9dd0d1fb0de9f145f4df15e16dac67cae4ed7f4ea4 tx=0 nonce=238079562036373394
[Info][01:11:35.990] Initialize: height=16 view=0 index=0 role=Primary
[Info][01:11:51.001] Sending PrepareRequest: height=16 view=0
[Info][01:11:51.005] Sending Commit
[Info][01:11:51.008] Sending Block: height=16 hash=0x4282e15dfe76f2529ed986f2523ae26d764f09f30f931fa6541734604df1f1cc tx=0
[Info][01:11:51.010] Persisted Block: height=16 hash=0x4282e15dfe76f2529ed986f2523ae26d764f09f30f931fa6541734604df1f1cc tx=0 nonce=11048476579232516728
[Info][01:11:51.011] Initialize: height=17 view=0 index=0 role=Primary
[Info][01:12:06.022] Sending PrepareRequest: height=17 view=0
[Info][01:12:06.025] Sending Commit
[Info][01:12:06.039] Sending Block: height=17 hash=0x6b2bf49c1a7ac96b2f2078593d685189bc6507c832a40a91073969d2ca75440b tx=0
[Info][01:12:06.041] Persisted Block: height=17 hash=0x6b2bf49c1a7ac96b2f2078593d685189bc6507c832a40a91073969d2ca75440b tx=0 nonce=16706732767327754000
[Info][01:12:06.042] Initialize: height=18 view=0 index=0 role=Primary
[Info][01:12:21.058] Sending PrepareRequest: height=18 view=0
[Info][01:12:21.061] Sending Commit
[Info][01:12:21.064] Sending Block: height=18 hash=0x49616889a87d03fb2f4154c812f8f3d1d8a3f6753b440e5d35d60da31cba7596 tx=0
[Info][01:12:21.066] Persisted Block: height=18 hash=0x49616889a87d03fb2f4154c812f8f3d1d8a3f6753b440e5d35d60da31cba7596 tx=0 nonce=12468848050550983735
[Info][01:12:21.067] Initialize: height=19 view=0 index=0 role=Primary
[Info][01:12:36.078] Sending PrepareRequest: height=19 view=0
[Info][01:12:36.081] Sending Commit
[Info][01:12:36.084] Sending Block: height=19 hash=0xbba32bd32ab5fc7c6f3d6182ffec2e9dc7e088aca3c68d1e4fe59c03ddc7bd1b tx=0
[Info][01:12:36.086] Persisted Block: height=19 hash=0xbba32bd32ab5fc7c6f3d6182ffec2e9dc7e088aca3c68d1e4fe59c03ddc7bd1b tx=0 nonce=14970891326918652453
[Info][01:12:36.088] Initialize: height=20 view=0 index=0 role=Primary
[Info][01:24:13.984] OnStart
[Info][01:24:14.016] Initialize: height=20 view=0 index=0 role=Primary
[Info][01:24:14.019] Sending RecoveryRequest: height=20 view=0 nc=0 nf=0
[Info][01:24:29.033] Sending PrepareRequest: height=20 view=0
[Info][01:24:29.040] Sending Commit
[Info][01:24:29.052] Sending Block: height=20 hash=0x020ef65902a7f975c8a758542605ab8a7150dc90aae7fadd4493898844eed413 tx=0
[Info][01:24:29.129] Persisted Block: height=20 hash=0x020ef65902a7f975c8a758542605ab8a7150dc90aae7fadd4493898844eed413 tx=0 nonce=1052635453539858325
[Info][01:24:29.131] Initialize: height=21 view=0 index=0 role=Primary
[Info][01:30:49.798] OnStart
[Info][01:30:49.828] Initialize: height=21 view=0 index=0 role=Primary
[Info][01:30:49.831] Sending RecoveryRequest: height=21 view=0 nc=0 nf=0
[Info][01:31:04.855] Sending PrepareRequest: height=21 view=0
[Info][01:31:04.863] Sending Commit
[Info][01:31:04.876] Sending Block: height=21 hash=0x520ca819d5346cb54ab3ad23531510e5ebdf9593b892c16ed68db2a10efaaeed tx=0
[Info][01:31:04.966] Persisted Block: height=21 hash=0x520ca819d5346cb54ab3ad23531510e5ebdf9593b892c16ed68db2a10efaaeed tx=0 nonce=5995215717882299069
[Info][01:31:04.967] Initialize: height=22 view=0 index=0 role=Primary
[Info][01:31:19.893] Sending PrepareRequest: height=22 view=0
[Info][01:31:19.896] Sending Commit
[Info][01:31:19.902] Sending Block: height=22 hash=0xd284fe5574c591d66671076f343a1238d2774a86441701f98662f56bb14f09dd tx=0
[Info][01:31:19.904] Persisted Block: height=22 hash=0xd284fe5574c591d66671076f343a1238d2774a86441701f98662f56bb14f09dd tx=0 nonce=15555259534425153402
[Info][01:31:19.905] Initialize: height=23 view=0 index=0 role=Primary
[Info][01:31:34.913] Sending PrepareRequest: height=23 view=0
[Info][01:31:34.916] Sending Commit
[Info][01:31:34.919] Sending Block: height=23 hash=0xb162662eff9fca62bf542db968de77632fec786fc25fc45374d263080ef7b321 tx=0
[Info][01:31:34.922] Persisted Block: height=23 hash=0xb162662eff9fca62bf542db968de77632fec786fc25fc45374d263080ef7b321 tx=0 nonce=16265619758026965821
[Info][01:31:34.923] Initialize: height=24 view=0 index=0 role=Primary
[Info][01:31:49.928] Sending PrepareRequest: height=24 view=0
[Info][01:31:49.931] Sending Commit
[Info][01:31:49.934] Sending Block: height=24 hash=0xefea300257438d41ed88ed9113888acd0ca6900a359930215d7e8be0263cbe37 tx=0
[Info][01:31:49.936] Persisted Block: height=24 hash=0xefea300257438d41ed88ed9113888acd0ca6900a359930215d7e8be0263cbe37 tx=0 nonce=17778082501970652424
[Info][01:31:49.937] Initialize: height=25 view=0 index=0 role=Primary
[Info][01:32:04.940] Sending PrepareRequest: height=25 view=0
[Info][01:32:04.943] Sending Commit
[Info][01:32:04.946] Sending Block: height=25 hash=0x946e11da70ea108e7998c05946c7573036bfc7dde9637f7b4eb07cb47ed337d9 tx=0
[Info][01:32:04.948] Persisted Block: height=25 hash=0x946e11da70ea108e7998c05946c7573036bfc7dde9637f7b4eb07cb47ed337d9 tx=0 nonce=12690722619710753502
[Info][01:32:04.949] Initialize: height=26 view=0 index=0 role=Primary
[Info][01:32:19.955] Sending PrepareRequest: height=26 view=0
[Info][01:32:19.959] Sending Commit
[Info][01:32:19.961] Sending Block: height=26 hash=0x0d1b2c0d638fb1cb78c20ff92067425fb70d7c820ebeb4748298464a501fe2ed tx=0
[Info][01:32:19.963] Persisted Block: height=26 hash=0x0d1b2c0d638fb1cb78c20ff92067425fb70d7c820ebeb4748298464a501fe2ed tx=0 nonce=6029760731480964384
[Info][01:32:19.964] Initialize: height=27 view=0 index=0 role=Primary
[Info][01:32:34.972] Sending PrepareRequest: height=27 view=0
[Info][01:32:34.975] Sending Commit
[Info][01:32:34.977] Sending Block: height=27 hash=0xa47eb7cc72345fd37c58a80f861a62f1c513f091fdff757da4fec9c932dbe44c tx=0
[Info][01:32:34.980] Persisted Block: height=27 hash=0xa47eb7cc72345fd37c58a80f861a62f1c513f091fdff757da4fec9c932dbe44c tx=0 nonce=7298638920851834950
[Info][01:32:34.981] Initialize: height=28 view=0 index=0 role=Primary
[Info][01:32:49.988] Sending PrepareRequest: height=28 view=0
[Info][01:32:49.992] Sending Commit
[Info][01:32:49.994] Sending Block: height=28 hash=0xb971e052a77ff8e444e65ea1356f4939bd4809df908817c5c437207a12063b6c tx=0
[Info][01:32:49.996] Persisted Block: height=28 hash=0xb971e052a77ff8e444e65ea1356f4939bd4809df908817c5c437207a12063b6c tx=0 nonce=4929855684824228177
[Info][01:32:49.996] Initialize: height=29 view=0 index=0 role=Primary
[Info][01:33:05.002] Sending PrepareRequest: height=29 view=0
[Info][01:33:05.005] Sending Commit
[Info][01:33:05.007] Sending Block: height=29 hash=0xcd4e762dc4b5419fd51bcf254214ca543b315b0260c03b052ac0d9a3a4dc125b tx=0
[Info][01:33:05.009] Persisted Block: height=29 hash=0xcd4e762dc4b5419fd51bcf254214ca543b315b0260c03b052ac0d9a3a4dc125b tx=0 nonce=4327984928376284089
[Info][01:33:05.009] Initialize: height=30 view=0 index=0 role=Primary
[Info][01:36:31.860] OnStart
[Info][01:36:31.895] Initialize: height=30 view=0 index=0 role=Primary
[Info][01:36:31.899] Sending RecoveryRequest: height=30 view=0 nc=0 nf=0
[Info][01:36:46.914] Sending PrepareRequest: height=30 view=0
[Info][01:36:46.921] Sending Commit
[Info][01:36:46.933] Sending Block: height=30 hash=0x80a67e5742c6c52d88012b7e2181584022cea1a4c1c68fe84a5a4df874c514f2 tx=0
[Info][01:36:47.015] Persisted Block: height=30 hash=0x80a67e5742c6c52d88012b7e2181584022cea1a4c1c68fe84a5a4df874c514f2 tx=0 nonce=1796094877509138805
[Info][01:36:47.016] Initialize: height=31 view=0 index=0 role=Primary
[Info][01:37:01.933] Sending PrepareRequest: height=31 view=0
[Info][01:37:01.937] Sending Commit
[Info][01:37:01.939] Sending Block: height=31 hash=0x60a624d4766c02342da7014b490bfacdc89e41fad412dde3d3af8d2ec23424c2 tx=0
[Info][01:37:01.942] Persisted Block: height=31 hash=0x60a624d4766c02342da7014b490bfacdc89e41fad412dde3d3af8d2ec23424c2 tx=0 nonce=5843611756399332917
[Info][01:37:01.943] Initialize: height=32 view=0 index=0 role=Primary
[Info][01:37:16.942] Sending PrepareRequest: height=32 view=0
[Info][01:37:16.945] Sending Commit
[Info][01:37:16.948] Sending Block: height=32 hash=0x6eed74d38e30918ce4986abb4534d40a0b47a773b011c6d427a4b59d854a15f9 tx=0
[Info][01:37:16.951] Persisted Block: height=32 hash=0x6eed74d38e30918ce4986abb4534d40a0b47a773b011c6d427a4b59d854a15f9 tx=0 nonce=3597842483955671272
[Info][01:37:16.953] Initialize: height=33 view=0 index=0 role=Primary
[Info][01:37:31.964] Sending PrepareRequest: height=33 view=0
[Info][01:37:31.968] Sending Commit
[Info][01:37:31.971] Sending Block: height=33 hash=0x3542f87c8ae9f52c0b8a5be9514ef3e7e1e941bf0494afa48df0eeb7190992ca tx=0
[Info][01:37:31.973] Persisted Block: height=33 hash=0x3542f87c8ae9f52c0b8a5be9514ef3e7e1e941bf0494afa48df0eeb7190992ca tx=0 nonce=18427882682438478762
[Info][01:37:31.974] Initialize: height=34 view=0 index=0 role=Primary
[Info][01:37:46.987] Sending PrepareRequest: height=34 view=0
[Info][01:37:46.991] Sending Commit
[Info][01:37:46.994] Sending Block: height=34 hash=0xa3a849cd98b9f32a30d3a0f31f300e1235b80dc59df7cb27db4d1acbdbece0d6 tx=0
[Info][01:37:46.997] Persisted Block: height=34 hash=0xa3a849cd98b9f32a30d3a0f31f300e1235b80dc59df7cb27db4d1acbdbece0d6 tx=0 nonce=11340344985499436941
[Info][01:37:46.999] Initialize: height=35 view=0 index=0 role=Primary
[Info][01:38:02.006] Sending PrepareRequest: height=35 view=0
[Info][01:38:02.010] Sending Commit
[Info][01:38:02.013] Sending Block: height=35 hash=0x38aa22aac94e3d6b7748c9bf5c52fbcb0b1ee4b4799d442c4f0f3f1561e50373 tx=0
[Info][01:38:02.016] Persisted Block: height=35 hash=0x38aa22aac94e3d6b7748c9bf5c52fbcb0b1ee4b4799d442c4f0f3f1561e50373 tx=0 nonce=721361006345356247
[Info][01:38:02.017] Initialize: height=36 view=0 index=0 role=Primary
[Info][01:38:17.022] Sending PrepareRequest: height=36 view=0
[Info][01:38:17.025] Sending Commit
[Info][01:38:17.028] Sending Block: height=36 hash=0x2f6a458ec731ee0ec85fe58d7e68e55e3d1f7efb1546fc0a2d327619871e8227 tx=0
[Info][01:38:17.030] Persisted Block: height=36 hash=0x2f6a458ec731ee0ec85fe58d7e68e55e3d1f7efb1546fc0a2d327619871e8227 tx=0 nonce=10949808760079325102
[Info][01:38:17.031] Initialize: height=37 view=0 index=0 role=Primary
[Info][01:38:32.046] Sending PrepareRequest: height=37 view=0
[Info][01:38:32.051] Sending Commit
[Info][01:38:32.054] Sending Block: height=37 hash=0x037798dc01ed2787d8e0ba82c01f1dd946f4e81fa2cba7e2fdff3b5056f3dae6 tx=0
[Info][01:38:32.056] Persisted Block: height=37 hash=0x037798dc01ed2787d8e0ba82c01f1dd946f4e81fa2cba7e2fdff3b5056f3dae6 tx=0 nonce=12089862804357476810
[Info][01:38:32.057] Initialize: height=38 view=0 index=0 role=Primary
[Info][01:38:47.070] Sending PrepareRequest: height=38 view=0
[Info][01:38:47.074] Sending Commit
[Info][01:38:47.078] Sending Block: height=38 hash=0x62e6d8eb8c00be4727aa55c638fa92deb03191b0f14836fc057e96a0795f2c03 tx=0
[Info][01:38:47.081] Persisted Block: height=38 hash=0x62e6d8eb8c00be4727aa55c638fa92deb03191b0f14836fc057e96a0795f2c03 tx=0 nonce=12668598132198890050
[Info][01:38:47.083] Initialize: height=39 view=0 index=0 role=Primary
[Info][01:39:02.096] Sending PrepareRequest: height=39 view=0
[Info][01:39:02.100] Sending Commit
[Info][01:39:02.103] Sending Block: height=39 hash=0xb2ad0311579fe1f361041b227679b705fe22d56f41d8921c4f885344ff63b17c tx=0
[Info][01:39:02.105] Persisted Block: height=39 hash=0xb2ad0311579fe1f361041b227679b705fe22d56f41d8921c4f885344ff63b17c tx=0 nonce=9776482879369625421
[Info][01:39:02.106] Initialize: height=40 view=0 index=0 role=Primary
[Info][01:39:17.124] Sending PrepareRequest: height=40 view=0
[Info][01:39:17.128] Sending Commit
[Info][01:39:17.131] Sending Block: height=40 hash=0xc85273fb5a259e9926ab3152a32f67124f4cc32ef79f985fb7ed6565fe983932 tx=0
[Info][01:39:17.133] Persisted Block: height=40 hash=0xc85273fb5a259e9926ab3152a32f67124f4cc32ef79f985fb7ed6565fe983932 tx=0 nonce=9775964013694382320
[Info][01:39:17.135] Initialize: height=41 view=0 index=0 role=Primary
[Info][01:39:32.147] Sending PrepareRequest: height=41 view=0
[Info][01:39:32.151] Sending Commit
[Info][01:39:32.154] Sending Block: height=41 hash=0x7d837016be7a2e36582354d5e0a93b064dc3adbbf7c7921b54160f56e19e1514 tx=0
[Info][01:39:32.157] Persisted Block: height=41 hash=0x7d837016be7a2e36582354d5e0a93b064dc3adbbf7c7921b54160f56e19e1514 tx=0 nonce=7591596793168041633
[Info][01:39:32.158] Initialize: height=42 view=0 index=0 role=Primary
[Info][01:39:47.172] Sending PrepareRequest: height=42 view=0
[Info][01:39:47.176] Sending Commit
[Info][01:39:47.179] Sending Block: height=42 hash=0x77da42e4146ffacc3c1917a824727d8ccf0e76544d8a33ad62e516a869bb54a9 tx=0
[Info][01:39:47.181] Persisted Block: height=42 hash=0x77da42e4146ffacc3c1917a824727d8ccf0e76544d8a33ad62e516a869bb54a9 tx=0 nonce=8618170167177439969
[Info][01:39:47.183] Initialize: height=43 view=0 index=0 role=Primary
[Info][01:40:02.192] Sending PrepareRequest: height=43 view=0
[Info][01:40:02.196] Sending Commit
[Info][01:40:02.199] Sending Block: height=43 hash=0x6c5fac292b515aab5daa166e86548be8a8e190660ce588cb6e78d9d040990564 tx=0
[Info][01:40:02.201] Persisted Block: height=43 hash=0x6c5fac292b515aab5daa166e86548be8a8e190660ce588cb6e78d9d040990564 tx=0 nonce=6408546418779571007
[Info][01:40:02.202] Initialize: height=44 view=0 index=0 role=Primary
[Info][01:40:17.209] Sending PrepareRequest: height=44 view=0
[Info][01:40:17.213] Sending Commit
[Info][01:40:17.216] Sending Block: height=44 hash=0x0e0c7495810169b79da7a61b8a387c0d6df7f980883423c0a7de4f6b714dfa8b tx=0
[Info][01:40:17.218] Persisted Block: height=44 hash=0x0e0c7495810169b79da7a61b8a387c0d6df7f980883423c0a7de4f6b714dfa8b tx=0 nonce=17349251872212434524
[Info][01:40:17.219] Initialize: height=45 view=0 index=0 role=Primary
[Info][01:40:32.231] Sending PrepareRequest: height=45 view=0
[Info][01:40:32.235] Sending Commit
[Info][01:40:32.239] Sending Block: height=45 hash=0xb3ae88892af5e8be8720034d66719be570cfcf3c5bf65a4ec0cc916b7ff28f5a tx=1
[Info][01:40:32.259] Persisted Block: height=45 hash=0xb3ae88892af5e8be8720034d66719be570cfcf3c5bf65a4ec0cc916b7ff28f5a tx=1 nonce=12965629083947132575
[Info][01:40:32.260] Initialize: height=46 view=0 index=0 role=Primary
[Info][01:40:47.251] Sending PrepareRequest: height=46 view=0
[Info][01:40:47.255] Sending Commit
[Info][01:40:47.258] Sending Block: height=46 hash=0x0a6f32179db574939370a926c083796ae4e50f5d02303dff061eaae9d7611fda tx=1
[Info][01:40:47.265] Persisted Block: height=46 hash=0x0a6f32179db574939370a926c083796ae4e50f5d02303dff061eaae9d7611fda tx=1 nonce=13882926974789930128
[Info][01:40:47.267] Initialize: height=47 view=0 index=0 role=Primary
[Info][01:41:02.262] Sending PrepareRequest: height=47 view=0
[Info][01:41:02.266] Sending Commit
[Info][01:41:02.269] Sending Block: height=47 hash=0x53f5999c8d0817598620c1a109beac8f829d9f88d6cc9a375118c25350b46da1 tx=0
[Info][01:41:02.271] Persisted Block: height=47 hash=0x53f5999c8d0817598620c1a109beac8f829d9f88d6cc9a375118c25350b46da1 tx=0 nonce=1834599697217599522
[Info][01:41:02.273] Initialize: height=48 view=0 index=0 role=Primary
[Info][01:41:17.276] Sending PrepareRequest: height=48 view=0
[Info][01:41:17.279] Sending Commit
[Info][01:41:17.282] Sending Block: height=48 hash=0x412ee037744529fbf57ed5faf29775c9ee0b8ec5a73c5a9ef590aacde5036888 tx=0
[Info][01:41:17.284] Persisted Block: height=48 hash=0x412ee037744529fbf57ed5faf29775c9ee0b8ec5a73c5a9ef590aacde5036888 tx=0 nonce=15743130426204039258
[Info][01:41:17.285] Initialize: height=49 view=0 index=0 role=Primary
[Info][01:41:32.286] Sending PrepareRequest: height=49 view=0
[Info][01:41:32.289] Sending Commit
[Info][01:41:32.292] Sending Block: height=49 hash=0x485a6e68b32c34e79fe1b792cceac3d68a6039edb21e435d7bbbadb7ad7b2498 tx=0
[Info][01:41:32.294] Persisted Block: height=49 hash=0x485a6e68b32c34e79fe1b792cceac3d68a6039edb21e435d7bbbadb7ad7b2498 tx=0 nonce=3660881792255270053
[Info][01:41:32.295] Initialize: height=50 view=0 index=0 role=Primary
[Info][01:41:47.294] Sending PrepareRequest: height=50 view=0
[Info][01:41:47.296] Sending Commit
[Info][01:41:47.299] Sending Block: height=50 hash=0x7fde0ceb4bd77f47dab359bb60f109a3fe7f80bc40d653d89593a2ba2c15ae5d tx=0
[Info][01:41:47.301] Persisted Block: height=50 hash=0x7fde0ceb4bd77f47dab359bb60f109a3fe7f80bc40d653d89593a2ba2c15ae5d tx=0 nonce=14573812202564922611
[Info][01:41:47.303] Initialize: height=51 view=0 index=0 role=Primary
[Info][01:42:02.303] Sending PrepareRequest: height=51 view=0
[Info][01:42:02.307] Sending Commit
[Info][01:42:02.310] Sending Block: height=51 hash=0xe851efca9c9ef30dfc7644e5218174e32424cd2cb1eb9ca157f560f81f0bb020 tx=0
[Info][01:42:02.312] Persisted Block: height=51 hash=0xe851efca9c9ef30dfc7644e5218174e32424cd2cb1eb9ca157f560f81f0bb020 tx=0 nonce=7037422726410871008
[Info][01:42:02.313] Initialize: height=52 view=0 index=0 role=Primary
[Info][01:42:17.324] Sending PrepareRequest: height=52 view=0
[Info][01:42:17.327] Sending Commit
[Info][01:42:17.329] Sending Block: height=52 hash=0xd84b3852447ffc983e69b87eec90ed97f880a7e98b67897bf8141b305f7965c1 tx=0
[Info][01:42:17.331] Persisted Block: height=52 hash=0xd84b3852447ffc983e69b87eec90ed97f880a7e98b67897bf8141b305f7965c1 tx=0 nonce=11810478267979954561
[Info][01:42:17.332] Initialize: height=53 view=0 index=0 role=Primary
[Info][01:42:32.341] Sending PrepareRequest: height=53 view=0
[Info][01:42:32.344] Sending Commit
[Info][01:42:32.347] Sending Block: height=53 hash=0x8d93813cd4d4fdea856e390ca737993513e189d8d291c9368b3995deac0a257f tx=0
[Info][01:42:32.348] Persisted Block: height=53 hash=0x8d93813cd4d4fdea856e390ca737993513e189d8d291c9368b3995deac0a257f tx=0 nonce=9374123401577472630
[Info][01:42:32.350] Initialize: height=54 view=0 index=0 role=Primary
[Info][01:42:47.365] Sending PrepareRequest: height=54 view=0
[Info][01:42:47.368] Sending Commit
[Info][01:42:47.371] Sending Block: height=54 hash=0xf15f16150f260c67831404889136ba263fe945c7a3e20ea7f90b35604cbdd5b9 tx=0
[Info][01:42:47.373] Persisted Block: height=54 hash=0xf15f16150f260c67831404889136ba263fe945c7a3e20ea7f90b35604cbdd5b9 tx=0 nonce=12035356108419395660
[Info][01:42:47.374] Initialize: height=55 view=0 index=0 role=Primary
[Info][01:59:23.784] OnStart
[Info][01:59:23.818] Initialize: height=55 view=0 index=0 role=Primary
[Info][01:59:23.821] Sending RecoveryRequest: height=55 view=0 nc=0 nf=0
[Info][01:59:23.957] OnRecoveryRequestReceived: height=55 index=0 view=0
[Info][01:59:23.970] OnRecoveryMessageReceived: height=55 view=0 index=0
[Info][01:59:23.973] Sending PrepareRequest: height=55 view=0
[Info][01:59:23.978] Sending Commit
[Info][01:59:24.086] Sending Block: height=55 hash=0x7c64ac3afe0a0038bff343744e278e1c2456b606a590d36ec6f50bf1b907beac tx=0
[Info][01:59:24.088] Recovery finished: (valid/total) ChgView: 0/0 PrepReq: 0/0 PrepResp: 0/0 Commits: 0/0
[Info][01:59:24.128] Persisted Block: height=55 hash=0x7c64ac3afe0a0038bff343744e278e1c2456b606a590d36ec6f50bf1b907beac tx=0 nonce=18396026947754880609
[Info][01:59:24.130] Initialize: height=56 view=0 index=0 role=Primary
[Info][01:59:39.096] Sending PrepareRequest: height=56 view=0
[Info][01:59:39.100] Sending Commit
[Info][01:59:39.103] Sending Block: height=56 hash=0x56474c2b0ef40cd1e60623c5724aafe95fbe93ddc22d086ddc5196f5cdfeb5f8 tx=0
[Info][01:59:39.106] Persisted Block: height=56 hash=0x56474c2b0ef40cd1e60623c5724aafe95fbe93ddc22d086ddc5196f5cdfeb5f8 tx=0 nonce=8939617429634288201
[Info][01:59:39.108] Initialize: height=57 view=0 index=0 role=Primary
[Info][01:59:54.118] Sending PrepareRequest: height=57 view=0
[Info][01:59:54.121] Sending Commit
[Info][01:59:54.125] Sending Block: height=57 hash=0xffc856e1cdfda2b22e9a00a2b052f09caf501cddb815910a687c27a98d3cb076 tx=0
[Info][01:59:54.128] Persisted Block: height=57 hash=0xffc856e1cdfda2b22e9a00a2b052f09caf501cddb815910a687c27a98d3cb076 tx=0 nonce=1683018785418807210
[Info][01:59:54.129] Initialize: height=58 view=0 index=0 role=Primary
[Info][02:00:09.144] Sending PrepareRequest: height=58 view=0
[Info][02:00:09.147] Sending Commit
[Info][02:00:09.151] Sending Block: height=58 hash=0x88931d82c63dd713a1489dd19f019a52ba28ca75c9a30836f380edbd30a4895a tx=0
[Info][02:00:09.153] Persisted Block: height=58 hash=0x88931d82c63dd713a1489dd19f019a52ba28ca75c9a30836f380edbd30a4895a tx=0 nonce=5271406243852340144
[Info][02:00:09.154] Initialize: height=59 view=0 index=0 role=Primary
[Info][02:00:24.164] Sending PrepareRequest: height=59 view=0
[Info][02:00:24.168] Sending Commit
[Info][02:00:24.195] Sending Block: height=59 hash=0xbf9f96b377bd3796c5e0a5a8f38088f1161c559e9d4e6788b35689c72ed8d914 tx=0
[Info][02:00:24.197] Persisted Block: height=59 hash=0xbf9f96b377bd3796c5e0a5a8f38088f1161c559e9d4e6788b35689c72ed8d914 tx=0 nonce=1961699441452675233
[Info][02:00:24.199] Initialize: height=60 view=0 index=0 role=Primary
[Info][02:00:39.206] Sending PrepareRequest: height=60 view=0
[Info][02:00:39.208] Sending Commit
[Info][02:00:39.212] Sending Block: height=60 hash=0xd0de60fa9c032331edba5a71b62ea615b7de16c40c5c6c9e50fda9631617954c tx=0
[Info][02:00:39.214] Persisted Block: height=60 hash=0xd0de60fa9c032331edba5a71b62ea615b7de16c40c5c6c9e50fda9631617954c tx=0 nonce=9214951779712037688
[Info][02:00:39.215] Initialize: height=61 view=0 index=0 role=Primary
[Info][02:00:54.221] Sending PrepareRequest: height=61 view=0
[Info][02:00:54.225] Sending Commit
[Info][02:00:54.246] Sending Block: height=61 hash=0x71a948f4a8225f57b7a865ca6ec0fb06aaaa2a9903a01d80299d116a9c790c1c tx=0
[Info][02:00:54.248] Persisted Block: height=61 hash=0x71a948f4a8225f57b7a865ca6ec0fb06aaaa2a9903a01d80299d116a9c790c1c tx=0 nonce=6826060573105344963
[Info][02:00:54.249] Initialize: height=62 view=0 index=0 role=Primary
[Info][02:01:09.263] Sending PrepareRequest: height=62 view=0
[Info][02:01:09.266] Sending Commit
[Info][02:01:09.383] Sending Block: height=62 hash=0xf32635d2f13ae6ecf75869b7c7d8f9cf2570fe1778390b067223b8f10c2a9665 tx=0
[Info][02:01:09.385] Persisted Block: height=62 hash=0xf32635d2f13ae6ecf75869b7c7d8f9cf2570fe1778390b067223b8f10c2a9665 tx=0 nonce=14092620757868414495
[Info][02:01:09.387] Initialize: height=63 view=0 index=0 role=Primary
[Info][02:01:24.396] Sending PrepareRequest: height=63 view=0
[Info][02:01:24.399] Sending Commit
[Info][02:01:24.403] Sending Block: height=63 hash=0xbdd3692d7e5e5e06d31cd5e97d36281c23fe3e42c049df359064fd5bcaa00fbe tx=0
[Info][02:01:24.405] Persisted Block: height=63 hash=0xbdd3692d7e5e5e06d31cd5e97d36281c23fe3e42c049df359064fd5bcaa00fbe tx=0 nonce=7331941241989186072
[Info][02:01:24.406] Initialize: height=64 view=0 index=0 role=Primary
[Info][02:01:39.410] Sending PrepareRequest: height=64 view=0
[Info][02:01:39.414] Sending Commit
[Info][02:01:39.464] Sending Block: height=64 hash=0xffc62b3833b9dab1f9245b353af8db57304c066e79a943ff19c3193f9edd583d tx=0
[Info][02:01:39.466] Persisted Block: height=64 hash=0xffc62b3833b9dab1f9245b353af8db57304c066e79a943ff19c3193f9edd583d tx=0 nonce=4519501067073088216
[Info][02:01:39.467] Initialize: height=65 view=0 index=0 role=Primary
[Info][02:01:54.480] Sending PrepareRequest: height=65 view=0
[Info][02:01:54.483] Sending Commit
[Info][02:01:54.486] Sending Block: height=65 hash=0xb829389d06f801560361181cd3ddc34a571dc145062cf7626b00246115b2e062 tx=0
[Info][02:01:54.489] Persisted Block: height=65 hash=0xb829389d06f801560361181cd3ddc34a571dc145062cf7626b00246115b2e062 tx=0 nonce=9302534541095520155
[Info][02:01:54.490] Initialize: height=66 view=0 index=0 role=Primary
[Info][02:02:09.494] Sending PrepareRequest: height=66 view=0
[Info][02:02:09.498] Sending Commit
[Info][02:02:09.501] Sending Block: height=66 hash=0x6e2eb8283a61d86f1922f35c8d47a3e7bc65b49b9320beccb464400c99a9e490 tx=0
[Info][02:02:09.502] Persisted Block: height=66 hash=0x6e2eb8283a61d86f1922f35c8d47a3e7bc65b49b9320beccb464400c99a9e490 tx=0 nonce=5959302904697030656
[Info][02:02:09.504] Initialize: height=67 view=0 index=0 role=Primary
[Info][02:02:24.510] Sending PrepareRequest: height=67 view=0
[Info][02:02:24.514] Sending Commit
[Info][02:02:24.517] Sending Block: height=67 hash=0x41d01376387bbeb7d57b011c1770a65c4e9c8255d2b995048cae08e72b775b52 tx=0
[Info][02:02:24.519] Persisted Block: height=67 hash=0x41d01376387bbeb7d57b011c1770a65c4e9c8255d2b995048cae08e72b775b52 tx=0 nonce=6998227290178495973
[Info][02:02:24.520] Initialize: height=68 view=0 index=0 role=Primary
[Info][02:02:39.524] Sending PrepareRequest: height=68 view=0
[Info][02:02:39.527] Sending Commit
[Info][02:02:39.530] Sending Block: height=68 hash=0x1ad3abc771a7110d4bcf52e58ccd020387e12eb6502ad057393103f58b69b227 tx=0
[Info][02:02:39.532] Persisted Block: height=68 hash=0x1ad3abc771a7110d4bcf52e58ccd020387e12eb6502ad057393103f58b69b227 tx=0 nonce=14380539850441568425
[Info][02:02:39.533] Initialize: height=69 view=0 index=0 role=Primary
[Info][02:02:54.536] Sending PrepareRequest: height=69 view=0
[Info][02:02:54.539] Sending Commit
[Info][02:02:54.542] Sending Block: height=69 hash=0xae13fa5138806dc1a6d9eb27b1a2e4571bc77f798183962d48cd9b883311c63c tx=0
[Info][02:02:54.543] Persisted Block: height=69 hash=0xae13fa5138806dc1a6d9eb27b1a2e4571bc77f798183962d48cd9b883311c63c tx=0 nonce=5810477535251377367
[Info][02:02:54.545] Initialize: height=70 view=0 index=0 role=Primary
[Info][02:03:09.560] Sending PrepareRequest: height=70 view=0
[Info][02:03:09.564] Sending Commit
[Info][02:03:09.567] Sending Block: height=70 hash=0xfcc539ca352f9e199521f0f80735c6dca9c0c707b5f734e80e107a3ece763e7e tx=0
[Info][02:03:09.569] Persisted Block: height=70 hash=0xfcc539ca352f9e199521f0f80735c6dca9c0c707b5f734e80e107a3ece763e7e tx=0 nonce=17547743615436841100
[Info][02:03:09.571] Initialize: height=71 view=0 index=0 role=Primary
[Info][02:03:24.580] Sending PrepareRequest: height=71 view=0
[Info][02:03:24.583] Sending Commit
[Info][02:03:24.585] Sending Block: height=71 hash=0x53a2b5798090b9adfff2c5d9ec64b0ea75d33c43d55eac4b3d563ca312b27721 tx=0
[Info][02:03:24.587] Persisted Block: height=71 hash=0x53a2b5798090b9adfff2c5d9ec64b0ea75d33c43d55eac4b3d563ca312b27721 tx=0 nonce=5891555970642856166
[Info][02:03:24.588] Initialize: height=72 view=0 index=0 role=Primary
[Info][02:03:39.599] Sending PrepareRequest: height=72 view=0
[Info][02:03:39.602] Sending Commit
[Info][02:03:39.605] Sending Block: height=72 hash=0xb1dba2521328b8ed5e6dbe6f8279d4bf2d9da28f2332f9f9a69adcc30735bc8a tx=0
[Info][02:03:39.607] Persisted Block: height=72 hash=0xb1dba2521328b8ed5e6dbe6f8279d4bf2d9da28f2332f9f9a69adcc30735bc8a tx=0 nonce=16315719347650849938
[Info][02:03:39.608] Initialize: height=73 view=0 index=0 role=Primary
[Info][02:03:54.613] Sending PrepareRequest: height=73 view=0
[Info][02:03:54.616] Sending Commit
[Info][02:03:54.619] Sending Block: height=73 hash=0xa4f09c802ec1f7334098da7aa8debbe8a723a4fb66937fede1deb0ccd3a7a7a7 tx=0
[Info][02:03:54.620] Persisted Block: height=73 hash=0xa4f09c802ec1f7334098da7aa8debbe8a723a4fb66937fede1deb0ccd3a7a7a7 tx=0 nonce=12076823388493447301
[Info][02:03:54.622] Initialize: height=74 view=0 index=0 role=Primary
[Info][02:04:09.621] Sending PrepareRequest: height=74 view=0
[Info][02:04:09.624] Sending Commit
[Info][02:04:09.627] Sending Block: height=74 hash=0xc208c5b6eaa2c1f8b728463263867aef18940c76c122356d96502492821e0100 tx=0
[Info][02:04:09.629] Persisted Block: height=74 hash=0xc208c5b6eaa2c1f8b728463263867aef18940c76c122356d96502492821e0100 tx=0 nonce=17834034262620829679
[Info][02:04:09.631] Initialize: height=75 view=0 index=0 role=Primary
[Info][02:04:24.642] Sending PrepareRequest: height=75 view=0
[Info][02:04:24.645] Sending Commit
[Info][02:04:24.648] Sending Block: height=75 hash=0x8b8e52c15787cb6d65a80880bc8519bed6f5e7dd9d1701d6350127d103498ce0 tx=0
[Info][02:04:24.649] Persisted Block: height=75 hash=0x8b8e52c15787cb6d65a80880bc8519bed6f5e7dd9d1701d6350127d103498ce0 tx=0 nonce=12411622300648421119
[Info][02:04:24.651] Initialize: height=76 view=0 index=0 role=Primary
[Info][02:04:39.655] Sending PrepareRequest: height=76 view=0
[Info][02:04:39.659] Sending Commit
[Info][02:04:39.662] Sending Block: height=76 hash=0x5609e81345a3190f9c68fa9c81bf3977d2b2b1b11fce3139e5613711871bb5e8 tx=0
[Info][02:04:39.664] Persisted Block: height=76 hash=0x5609e81345a3190f9c68fa9c81bf3977d2b2b1b11fce3139e5613711871bb5e8 tx=0 nonce=13893212054306103615
[Info][02:04:39.665] Initialize: height=77 view=0 index=0 role=Primary
[Info][02:04:54.679] Sending PrepareRequest: height=77 view=0
[Info][02:04:54.682] Sending Commit
[Info][02:04:54.684] Sending Block: height=77 hash=0xf8fa6f7b1eec2c048331d82a2a39be9a609ff7c41ac0bfa20a99554ab4bb068b tx=0
[Info][02:04:54.687] Persisted Block: height=77 hash=0xf8fa6f7b1eec2c048331d82a2a39be9a609ff7c41ac0bfa20a99554ab4bb068b tx=0 nonce=16457537485554857943
[Info][02:04:54.688] Initialize: height=78 view=0 index=0 role=Primary
[Info][02:05:09.691] Sending PrepareRequest: height=78 view=0
[Info][02:05:09.695] Sending Commit
[Info][02:05:09.698] Sending Block: height=78 hash=0x1f28cb5cabf6ef3eb327013c3d72eca0ffc903991ff3086d585cf45796b58630 tx=0
[Info][02:05:09.700] Persisted Block: height=78 hash=0x1f28cb5cabf6ef3eb327013c3d72eca0ffc903991ff3086d585cf45796b58630 tx=0 nonce=18110867612535158128
[Info][02:05:09.701] Initialize: height=79 view=0 index=0 role=Primary
[Info][02:05:24.714] Sending PrepareRequest: height=79 view=0
[Info][02:05:24.718] Sending Commit
[Info][02:05:24.721] Sending Block: height=79 hash=0xee84fa32fdbe9792a2f3248dd5f517471577c8409a31f46408daaeb89250e997 tx=0
[Info][02:05:24.723] Persisted Block: height=79 hash=0xee84fa32fdbe9792a2f3248dd5f517471577c8409a31f46408daaeb89250e997 tx=0 nonce=4344289505849305337
[Info][02:05:24.724] Initialize: height=80 view=0 index=0 role=Primary
[Info][02:05:39.739] Sending PrepareRequest: height=80 view=0
[Info][02:05:39.743] Sending Commit
[Info][02:05:39.746] Sending Block: height=80 hash=0x8704f3a9526eb6163dcd58faf5b195c6928fd7bd0aa79400e10e0991d2d7f114 tx=0
[Info][02:05:39.748] Persisted Block: height=80 hash=0x8704f3a9526eb6163dcd58faf5b195c6928fd7bd0aa79400e10e0991d2d7f114 tx=0 nonce=9584359946523698802
[Info][02:05:39.750] Initialize: height=81 view=0 index=0 role=Primary
[Info][02:05:54.752] Sending PrepareRequest: height=81 view=0
[Info][02:05:54.756] Sending Commit
[Info][02:05:54.759] Sending Block: height=81 hash=0x3e11c0178800d462bcb0ad94d88d742d63bddf54ce4af7a385eea986d718c402 tx=0
[Info][02:05:54.760] Persisted Block: height=81 hash=0x3e11c0178800d462bcb0ad94d88d742d63bddf54ce4af7a385eea986d718c402 tx=0 nonce=4957143168385425707
[Info][02:05:54.762] Initialize: height=82 view=0 index=0 role=Primary
[Info][02:06:09.768] Sending PrepareRequest: height=82 view=0
[Info][02:06:09.772] Sending Commit
[Info][02:06:09.775] Sending Block: height=82 hash=0x86551689a09d261845156293f6e03f98595ba74e5d01cf839005a9a7b298fbd3 tx=0
[Info][02:06:09.778] Persisted Block: height=82 hash=0x86551689a09d261845156293f6e03f98595ba74e5d01cf839005a9a7b298fbd3 tx=0 nonce=5644183354338502581
[Info][02:06:09.779] Initialize: height=83 view=0 index=0 role=Primary
[Info][02:06:24.781] Sending PrepareRequest: height=83 view=0
[Info][02:06:24.785] Sending Commit
[Info][02:06:24.789] Sending Block: height=83 hash=0xeddc8b651540fcdccb29c5ddf3d4a14f2f5d11416e780d6bbe1aa5173f100528 tx=0
[Info][02:06:24.791] Persisted Block: height=83 hash=0xeddc8b651540fcdccb29c5ddf3d4a14f2f5d11416e780d6bbe1aa5173f100528 tx=0 nonce=17900067360692001391
[Info][02:06:24.792] Initialize: height=84 view=0 index=0 role=Primary
[Info][02:06:39.803] Sending PrepareRequest: height=84 view=0
[Info][02:06:39.806] Sending Commit
[Info][02:06:39.808] Sending Block: height=84 hash=0xc71ef91223e06f67bfd9c712387a45e7aa4b9386fb3e1e7132af6dd631d46b1b tx=0
[Info][02:06:39.810] Persisted Block: height=84 hash=0xc71ef91223e06f67bfd9c712387a45e7aa4b9386fb3e1e7132af6dd631d46b1b tx=0 nonce=14806513130776015441
[Info][02:06:39.811] Initialize: height=85 view=0 index=0 role=Primary
[Info][02:06:54.820] Sending PrepareRequest: height=85 view=0
[Info][02:06:54.824] Sending Commit
[Info][02:06:54.827] Sending Block: height=85 hash=0xffa7b3ec2c451c1a158d76f17bf6d56bb8381dd10330538bb014019d00b61a80 tx=0
[Info][02:06:54.829] Persisted Block: height=85 hash=0xffa7b3ec2c451c1a158d76f17bf6d56bb8381dd10330538bb014019d00b61a80 tx=0 nonce=17923796015683800135
[Info][02:06:54.830] Initialize: height=86 view=0 index=0 role=Primary
[Info][02:07:09.842] Sending PrepareRequest: height=86 view=0
[Info][02:07:09.846] Sending Commit
[Info][02:07:09.849] Sending Block: height=86 hash=0xa3ca787f423d5058aebbda48aabc6c072c7705bda753eed3465beadb71b5ae17 tx=0
[Info][02:07:09.852] Persisted Block: height=86 hash=0xa3ca787f423d5058aebbda48aabc6c072c7705bda753eed3465beadb71b5ae17 tx=0 nonce=11400903071070336047
[Info][02:07:09.853] Initialize: height=87 view=0 index=0 role=Primary
[Info][02:07:24.859] Sending PrepareRequest: height=87 view=0
[Info][02:07:24.863] Sending Commit
[Info][02:07:24.874] Sending Block: height=87 hash=0x45b9b19d201df0ab39cd19bfcd9c01d951edda5bafb34e1c16102e13425d278d tx=0
[Info][02:07:24.876] Persisted Block: height=87 hash=0x45b9b19d201df0ab39cd19bfcd9c01d951edda5bafb34e1c16102e13425d278d tx=0 nonce=17819759493003645691
[Info][02:07:24.877] Initialize: height=88 view=0 index=0 role=Primary
[Info][02:07:39.888] Sending PrepareRequest: height=88 view=0
[Info][02:07:39.891] Sending Commit
[Info][02:07:39.894] Sending Block: height=88 hash=0x739683a5462d39186abf3b3595870acf1fa8abccfbba7e4b8d25c9eb3a39083a tx=0
[Info][02:07:39.896] Persisted Block: height=88 hash=0x739683a5462d39186abf3b3595870acf1fa8abccfbba7e4b8d25c9eb3a39083a tx=0 nonce=986925358781116266
[Info][02:07:39.898] Initialize: height=89 view=0 index=0 role=Primary
[Info][02:07:54.912] Sending PrepareRequest: height=89 view=0
[Info][02:07:54.916] Sending Commit
[Info][02:07:54.918] Sending Block: height=89 hash=0x97f6b7123dd02e9136c9a9ce67bb0747ec1b4d631380cb2c5e65e60e5835e9d2 tx=0
[Info][02:07:54.921] Persisted Block: height=89 hash=0x97f6b7123dd02e9136c9a9ce67bb0747ec1b4d631380cb2c5e65e60e5835e9d2 tx=0 nonce=9028492137141753035
[Info][02:07:54.922] Initialize: height=90 view=0 index=0 role=Primary
[Info][02:08:09.928] Sending PrepareRequest: height=90 view=0
[Info][02:08:09.931] Sending Commit
[Info][02:08:09.934] Sending Block: height=90 hash=0xa252dc5a03278734eade6ce4ae14f946101612f504948c170760110d62357b03 tx=0
[Info][02:08:09.936] Persisted Block: height=90 hash=0xa252dc5a03278734eade6ce4ae14f946101612f504948c170760110d62357b03 tx=0 nonce=8093017943757302766
[Info][02:08:09.937] Initialize: height=91 view=0 index=0 role=Primary
[Info][02:08:24.946] Sending PrepareRequest: height=91 view=0
[Info][02:08:24.948] Sending Commit
[Info][02:08:24.951] Sending Block: height=91 hash=0xab6e3f59480407b99eabaa607b03e7d8acdd0a458050fff83fef5a6df7ff0eaa tx=0
[Info][02:08:24.953] Persisted Block: height=91 hash=0xab6e3f59480407b99eabaa607b03e7d8acdd0a458050fff83fef5a6df7ff0eaa tx=0 nonce=18245388772680000049
[Info][02:08:24.954] Initialize: height=92 view=0 index=0 role=Primary
[Info][02:08:39.966] Sending PrepareRequest: height=92 view=0
[Info][02:08:39.970] Sending Commit
[Info][02:08:39.973] Sending Block: height=92 hash=0xc71a91050583b475a0730300e20ad24e5585e878a7b04b68469dc8ffca8820f0 tx=0
[Info][02:08:39.976] Persisted Block: height=92 hash=0xc71a91050583b475a0730300e20ad24e5585e878a7b04b68469dc8ffca8820f0 tx=0 nonce=4215184665714758853
[Info][02:08:39.977] Initialize: height=93 view=0 index=0 role=Primary
[Info][02:08:54.994] Sending PrepareRequest: height=93 view=0
[Info][02:08:54.997] Sending Commit
[Info][02:08:55.000] Sending Block: height=93 hash=0x2182ac73812124e26fb198148b25f1c7a55f033bba16ac526438569b5f11da5f tx=0
[Info][02:08:55.003] Persisted Block: height=93 hash=0x2182ac73812124e26fb198148b25f1c7a55f033bba16ac526438569b5f11da5f tx=0 nonce=6652963799317972492
[Info][02:08:55.004] Initialize: height=94 view=0 index=0 role=Primary
[Info][02:09:10.018] Sending PrepareRequest: height=94 view=0
[Info][02:09:10.021] Sending Commit
[Info][02:09:10.024] Sending Block: height=94 hash=0x6a933f58a6447f1ebc8be79bcb8ee6045d7348a546ffe3ad6a236614ea1d84f3 tx=0
[Info][02:09:10.026] Persisted Block: height=94 hash=0x6a933f58a6447f1ebc8be79bcb8ee6045d7348a546ffe3ad6a236614ea1d84f3 tx=0 nonce=15096973659352517497
[Info][02:09:10.028] Initialize: height=95 view=0 index=0 role=Primary
[Info][02:09:25.038] Sending PrepareRequest: height=95 view=0
[Info][02:09:25.042] Sending Commit
[Info][02:09:25.045] Sending Block: height=95 hash=0x88028873c1b549e205b2e2ffed0fdafb6ccc7a27f9e37f195bb877fcaeadb2f2 tx=0
[Info][02:09:25.047] Persisted Block: height=95 hash=0x88028873c1b549e205b2e2ffed0fdafb6ccc7a27f9e37f195bb877fcaeadb2f2 tx=0 nonce=8034578218182678819
[Info][02:09:25.048] Initialize: height=96 view=0 index=0 role=Primary
[Info][02:09:40.059] Sending PrepareRequest: height=96 view=0
[Info][02:09:40.062] Sending Commit
[Info][02:09:40.066] Sending Block: height=96 hash=0xeb78dad18d97384e2b1401f58ff79ba8217935942e10d8e203ad6764a33417c0 tx=0
[Info][02:09:40.070] Persisted Block: height=96 hash=0xeb78dad18d97384e2b1401f58ff79ba8217935942e10d8e203ad6764a33417c0 tx=0 nonce=16790177334009463361
[Info][02:09:40.071] Initialize: height=97 view=0 index=0 role=Primary
[Info][02:09:55.082] Sending PrepareRequest: height=97 view=0
[Info][02:09:55.085] Sending Commit
[Info][02:09:55.087] Sending Block: height=97 hash=0xbc0ccbc78bff2e25f3a3fd3570364ee8e82b7be9409088d8a7bac5a4493f33c7 tx=0
[Info][02:09:55.089] Persisted Block: height=97 hash=0xbc0ccbc78bff2e25f3a3fd3570364ee8e82b7be9409088d8a7bac5a4493f33c7 tx=0 nonce=7521253569507069982
[Info][02:09:55.090] Initialize: height=98 view=0 index=0 role=Primary
[Info][02:10:10.102] Sending PrepareRequest: height=98 view=0
[Info][02:10:10.104] Sending Commit
[Info][02:10:10.107] Sending Block: height=98 hash=0x33d799878c661ea5d11d3b43cdb0c46c59ba6e578e85705a936713c88162509a tx=0
[Info][02:10:10.111] Persisted Block: height=98 hash=0x33d799878c661ea5d11d3b43cdb0c46c59ba6e578e85705a936713c88162509a tx=0 nonce=9829027978820673271
[Info][02:10:10.112] Initialize: height=99 view=0 index=0 role=Primary
[Info][02:10:25.125] Sending PrepareRequest: height=99 view=0
[Info][02:10:25.128] Sending Commit
[Info][02:10:25.131] Sending Block: height=99 hash=0x5b2fd5bf587e6cdbcf6c9174ee0baea3aac5ac596470fefe2f0d727d5536e200 tx=0
[Info][02:10:25.133] Persisted Block: height=99 hash=0x5b2fd5bf587e6cdbcf6c9174ee0baea3aac5ac596470fefe2f0d727d5536e200 tx=0 nonce=13968901595311451638
[Info][02:10:25.134] Initialize: height=100 view=0 index=0 role=Primary
[Info][02:10:40.152] Sending PrepareRequest: height=100 view=0
[Info][02:10:40.155] Sending Commit
[Info][02:10:40.158] Sending Block: height=100 hash=0x9fa7823a8085e399a6362f366505ba445df7b99b1605809f854ac485b4d125d0 tx=0
[Info][02:10:40.160] Persisted Block: height=100 hash=0x9fa7823a8085e399a6362f366505ba445df7b99b1605809f854ac485b4d125d0 tx=0 nonce=6145544761225764994
[Info][02:10:40.161] Initialize: height=101 view=0 index=0 role=Primary
[Info][02:10:55.176] Sending PrepareRequest: height=101 view=0
[Info][02:10:55.180] Sending Commit
[Info][02:10:55.183] Sending Block: height=101 hash=0x9780a9f734de013dce4d9e3518d3ae412769182b9c45f1a78c3df4b0b2b0a110 tx=0
[Info][02:10:55.185] Persisted Block: height=101 hash=0x9780a9f734de013dce4d9e3518d3ae412769182b9c45f1a78c3df4b0b2b0a110 tx=0 nonce=5555600499384766040
[Info][02:10:55.186] Initialize: height=102 view=0 index=0 role=Primary
[Info][02:11:10.191] Sending PrepareRequest: height=102 view=0
[Info][02:11:10.195] Sending Commit
[Info][02:11:10.198] Sending Block: height=102 hash=0x3875462a3f31493a04e528428c29e8c6a2f28b14d6e56f1c60cb2bb874e12754 tx=0
[Info][02:11:10.199] Persisted Block: height=102 hash=0x3875462a3f31493a04e528428c29e8c6a2f28b14d6e56f1c60cb2bb874e12754 tx=0 nonce=8093515642970712274
[Info][02:11:10.201] Initialize: height=103 view=0 index=0 role=Primary
[Info][02:11:25.212] Sending PrepareRequest: height=103 view=0
[Info][02:11:25.215] Sending Commit
[Info][02:11:25.218] Sending Block: height=103 hash=0x9928773efa9f6df61d1452f0a356fa186991e8ed7313161f8a41dd5abf56a63b tx=0
[Info][02:11:25.220] Persisted Block: height=103 hash=0x9928773efa9f6df61d1452f0a356fa186991e8ed7313161f8a41dd5abf56a63b tx=0 nonce=3103306916585744315
[Info][02:11:25.222] Initialize: height=104 view=0 index=0 role=Primary
[Info][02:11:40.232] Sending PrepareRequest: height=104 view=0
[Info][02:11:40.236] Sending Commit
[Info][02:11:40.239] Sending Block: height=104 hash=0x9c79b6a7adddb6f6f9e0bab6e396cf8f2599b855f323c4642cdbfa10a8d3a41f tx=0
[Info][02:11:40.241] Persisted Block: height=104 hash=0x9c79b6a7adddb6f6f9e0bab6e396cf8f2599b855f323c4642cdbfa10a8d3a41f tx=0 nonce=1711744086838354523
[Info][02:11:40.242] Initialize: height=105 view=0 index=0 role=Primary
[Info][02:11:55.247] Sending PrepareRequest: height=105 view=0
[Info][02:11:55.250] Sending Commit
[Info][02:11:55.254] Sending Block: height=105 hash=0xf1ca10a7c847d3350fb62e84944725182b5c503130fbcbdcb66253e44ad5a776 tx=0
[Info][02:11:55.256] Persisted Block: height=105 hash=0xf1ca10a7c847d3350fb62e84944725182b5c503130fbcbdcb66253e44ad5a776 tx=0 nonce=2829204344517287834
[Info][02:11:55.257] Initialize: height=106 view=0 index=0 role=Primary
[Info][02:12:10.276] Sending PrepareRequest: height=106 view=0
[Info][02:12:10.279] Sending Commit
[Info][02:12:10.283] Sending Block: height=106 hash=0x1756ce37e66da730aee6ced7905310a076a9ee9a759f209418375ec31851ddd7 tx=0
[Info][02:12:10.286] Persisted Block: height=106 hash=0x1756ce37e66da730aee6ced7905310a076a9ee9a759f209418375ec31851ddd7 tx=0 nonce=13754942466790899526
[Info][02:12:10.287] Initialize: height=107 view=0 index=0 role=Primary
[Info][02:12:25.295] Sending PrepareRequest: height=107 view=0
[Info][02:12:25.298] Sending Commit
[Info][02:12:25.301] Sending Block: height=107 hash=0x62673ebf180cf2d236e8c6ee8d114fc5f69697a8f8887974d9747cae98444bd3 tx=0
[Info][02:12:25.303] Persisted Block: height=107 hash=0x62673ebf180cf2d236e8c6ee8d114fc5f69697a8f8887974d9747cae98444bd3 tx=0 nonce=12010554459318953827
[Info][02:12:25.304] Initialize: height=108 view=0 index=0 role=Primary
[Info][02:12:40.323] Sending PrepareRequest: height=108 view=0
[Info][02:12:40.326] Sending Commit
[Info][02:12:40.329] Sending Block: height=108 hash=0xdeccf7675a6ab88ba485de2461e10169be0c576c2bdaae2b5c3ce3ad1b147402 tx=0
[Info][02:12:40.331] Persisted Block: height=108 hash=0xdeccf7675a6ab88ba485de2461e10169be0c576c2bdaae2b5c3ce3ad1b147402 tx=0 nonce=4093050126451608448
[Info][02:12:40.332] Initialize: height=109 view=0 index=0 role=Primary
[Info][02:12:55.340] Sending PrepareRequest: height=109 view=0
[Info][02:12:55.344] Sending Commit
[Info][02:12:55.347] Sending Block: height=109 hash=0x59875c48af97901df83abb48e6a7587d00889882da4e66ed130f5e166b156829 tx=0
[Info][02:12:55.350] Persisted Block: height=109 hash=0x59875c48af97901df83abb48e6a7587d00889882da4e66ed130f5e166b156829 tx=0 nonce=12285472638206876757
[Info][02:12:55.351] Initialize: height=110 view=0 index=0 role=Primary
[Info][02:13:10.357] Sending PrepareRequest: height=110 view=0
[Info][02:13:10.361] Sending Commit
[Info][02:13:10.363] Sending Block: height=110 hash=0xe25f512096b0c963dd675a96b909e9b30d635b1ad37824340319dbdfb97a29c9 tx=0
[Info][02:13:10.365] Persisted Block: height=110 hash=0xe25f512096b0c963dd675a96b909e9b30d635b1ad37824340319dbdfb97a29c9 tx=0 nonce=10751485114605050899
[Info][02:13:10.366] Initialize: height=111 view=0 index=0 role=Primary
[Info][02:13:25.383] Sending PrepareRequest: height=111 view=0
[Info][02:13:25.386] Sending Commit
[Info][02:13:25.389] Sending Block: height=111 hash=0x6ae63730a7249338355bd9001169640d3b91a568727d8da8c7bec35f8316d4c3 tx=0
[Info][02:13:25.392] Persisted Block: height=111 hash=0x6ae63730a7249338355bd9001169640d3b91a568727d8da8c7bec35f8316d4c3 tx=0 nonce=14168348760590993185
[Info][02:13:25.393] Initialize: height=112 view=0 index=0 role=Primary
[Info][02:13:40.400] Sending PrepareRequest: height=112 view=0
[Info][02:13:40.403] Sending Commit
[Info][02:13:40.406] Sending Block: height=112 hash=0xf18908b2f90a7bc82e7e7af2faf330445da51f9439f9e596995c524260035292 tx=0
[Info][02:13:40.408] Persisted Block: height=112 hash=0xf18908b2f90a7bc82e7e7af2faf330445da51f9439f9e596995c524260035292 tx=0 nonce=18086097155795462819
[Info][02:13:40.409] Initialize: height=113 view=0 index=0 role=Primary
[Info][02:13:55.416] Sending PrepareRequest: height=113 view=0
[Info][02:13:55.419] Sending Commit
[Info][02:13:55.422] Sending Block: height=113 hash=0x542f4cec8f7eec63a3838e072b900d6a745517464ded93987d8c0fd8e8f1d986 tx=0
[Info][02:13:55.424] Persisted Block: height=113 hash=0x542f4cec8f7eec63a3838e072b900d6a745517464ded93987d8c0fd8e8f1d986 tx=0 nonce=15599548462242313836
[Info][02:13:55.425] Initialize: height=114 view=0 index=0 role=Primary
[Info][02:14:10.435] Sending PrepareRequest: height=114 view=0
[Info][02:14:10.438] Sending Commit
[Info][02:14:10.442] Sending Block: height=114 hash=0x91443e011bc91176a8b33e051dd5be752d78a27269a0636b90645d138dd4a535 tx=0
[Info][02:14:10.444] Persisted Block: height=114 hash=0x91443e011bc91176a8b33e051dd5be752d78a27269a0636b90645d138dd4a535 tx=0 nonce=4214689245690101973
[Info][02:14:10.445] Initialize: height=115 view=0 index=0 role=Primary
[Info][02:14:25.458] Sending PrepareRequest: height=115 view=0
[Info][02:14:25.461] Sending Commit
[Info][02:14:25.464] Sending Block: height=115 hash=0xaab67ece17b4243c8d64898199e89370359e6826ba80efbec76aa78b7f0f1aac tx=0
[Info][02:14:25.466] Persisted Block: height=115 hash=0xaab67ece17b4243c8d64898199e89370359e6826ba80efbec76aa78b7f0f1aac tx=0 nonce=3097809858316903721
[Info][02:14:25.468] Initialize: height=116 view=0 index=0 role=Primary
[Info][02:14:40.474] Sending PrepareRequest: height=116 view=0
[Info][02:14:40.477] Sending Commit
[Info][02:14:40.480] Sending Block: height=116 hash=0xb3ceeb0736332ca3c1c092f20459a8337b1261657b861b76e4aeec9f61e5b312 tx=0
[Info][02:14:40.482] Persisted Block: height=116 hash=0xb3ceeb0736332ca3c1c092f20459a8337b1261657b861b76e4aeec9f61e5b312 tx=0 nonce=9243597346713874710
[Info][02:14:40.484] Initialize: height=117 view=0 index=0 role=Primary
[Info][02:14:55.500] Sending PrepareRequest: height=117 view=0
[Info][02:14:55.503] Sending Commit
[Info][02:14:55.506] Sending Block: height=117 hash=0x11494fc2224cc42b7fd4f3694909f0f182c3f4a9e25fd12d372e4623432c8d64 tx=0
[Info][02:14:55.508] Persisted Block: height=117 hash=0x11494fc2224cc42b7fd4f3694909f0f182c3f4a9e25fd12d372e4623432c8d64 tx=0 nonce=4087736389842222917
[Info][02:14:55.509] Initialize: height=118 view=0 index=0 role=Primary
[Info][02:15:10.523] Sending PrepareRequest: height=118 view=0
[Info][02:15:10.527] Sending Commit
[Info][02:15:10.531] Sending Block: height=118 hash=0xb77cd27435ac64c71e2f906ad0fe08744ca2dbc348717ca4bed2c2284761d341 tx=0
[Info][02:15:10.533] Persisted Block: height=118 hash=0xb77cd27435ac64c71e2f906ad0fe08744ca2dbc348717ca4bed2c2284761d341 tx=0 nonce=14446495201679780515
[Info][02:15:10.534] Initialize: height=119 view=0 index=0 role=Primary
[Info][02:15:25.540] Sending PrepareRequest: height=119 view=0
[Info][02:15:25.544] Sending Commit
[Info][02:15:25.547] Sending Block: height=119 hash=0xe2da3a57d6f8fe2fd6d4b6880b7450c65764113e0b15ca4a44959fb726f2fc9a tx=0
[Info][02:15:25.549] Persisted Block: height=119 hash=0xe2da3a57d6f8fe2fd6d4b6880b7450c65764113e0b15ca4a44959fb726f2fc9a tx=0 nonce=2942743687929969646
[Info][02:15:25.550] Initialize: height=120 view=0 index=0 role=Primary
[Info][02:15:40.552] Sending PrepareRequest: height=120 view=0
[Info][02:15:40.556] Sending Commit
[Info][02:15:40.570] Sending Block: height=120 hash=0x18566764d329d308def6ed8c5bcad1c1dcde51f08ec3b9b668e8def922412806 tx=0
[Info][02:15:40.573] Persisted Block: height=120 hash=0x18566764d329d308def6ed8c5bcad1c1dcde51f08ec3b9b668e8def922412806 tx=0 nonce=10706144123906165882
[Info][02:15:40.574] Initialize: height=121 view=0 index=0 role=Primary
[Info][02:15:55.584] Sending PrepareRequest: height=121 view=0
[Info][02:15:55.588] Sending Commit
[Info][02:15:55.591] Sending Block: height=121 hash=0x9731d706c20a59e161bb492f59b248cbb3dfabbc69170eca2fca9a6130625a1b tx=0
[Info][02:15:55.593] Persisted Block: height=121 hash=0x9731d706c20a59e161bb492f59b248cbb3dfabbc69170eca2fca9a6130625a1b tx=0 nonce=12710457553280812293
[Info][02:15:55.595] Initialize: height=122 view=0 index=0 role=Primary
[Info][02:16:10.609] Sending PrepareRequest: height=122 view=0
[Info][02:16:10.613] Sending Commit
[Info][02:16:10.628] Sending Block: height=122 hash=0x4fe58819d73587a6739fc10ad07a4b1ffe61c485df05803e6ff752b8b97c604b tx=0
[Info][02:16:10.631] Persisted Block: height=122 hash=0x4fe58819d73587a6739fc10ad07a4b1ffe61c485df05803e6ff752b8b97c604b tx=0 nonce=6439004004005343542
[Info][02:16:10.632] Initialize: height=123 view=0 index=0 role=Primary
[Info][02:16:25.637] Sending PrepareRequest: height=123 view=0
[Info][02:16:25.640] Sending Commit
[Info][02:16:25.643] Sending Block: height=123 hash=0x06064a1d4cd3ade81bbd22562bf2328aee907cdd845dccd0e84ab5e397fe6d85 tx=0
[Info][02:16:25.645] Persisted Block: height=123 hash=0x06064a1d4cd3ade81bbd22562bf2328aee907cdd845dccd0e84ab5e397fe6d85 tx=0 nonce=7831016674719581976
[Info][02:16:25.646] Initialize: height=124 view=0 index=0 role=Primary
[Info][02:16:40.664] Sending PrepareRequest: height=124 view=0
[Info][02:16:40.667] Sending Commit
[Info][02:16:40.682] Sending Block: height=124 hash=0x8e506cf4de13a32ee07836e0aa5608b9bf6e65a7e2b1fa9f77f52a354a9f5e03 tx=0
[Info][02:16:40.684] Persisted Block: height=124 hash=0x8e506cf4de13a32ee07836e0aa5608b9bf6e65a7e2b1fa9f77f52a354a9f5e03 tx=0 nonce=1320095961974772558
[Info][02:16:40.685] Initialize: height=125 view=0 index=0 role=Primary
[Info][02:16:55.705] Sending PrepareRequest: height=125 view=0
[Info][02:16:55.708] Sending Commit
[Info][02:16:55.723] Sending Block: height=125 hash=0x6680ca1ca7cca0e27df9d064ec5124c414a419f055ac370489788b0e502e7bfd tx=0
[Info][02:16:55.725] Persisted Block: height=125 hash=0x6680ca1ca7cca0e27df9d064ec5124c414a419f055ac370489788b0e502e7bfd tx=0 nonce=872188812478555249
[Info][02:16:55.726] Initialize: height=126 view=0 index=0 role=Primary
[Info][02:17:10.735] Sending PrepareRequest: height=126 view=0
[Info][02:17:10.738] Sending Commit
[Info][02:17:10.752] Sending Block: height=126 hash=0x10eb4647c8fa48361281fb2c78fc183b5f2df313f1a280afb0efe3d4e894bfbd tx=0
[Info][02:17:10.754] Persisted Block: height=126 hash=0x10eb4647c8fa48361281fb2c78fc183b5f2df313f1a280afb0efe3d4e894bfbd tx=0 nonce=18175118198241249417
[Info][02:17:10.756] Initialize: height=127 view=0 index=0 role=Primary
[Info][02:17:25.770] Sending PrepareRequest: height=127 view=0
[Info][02:17:25.773] Sending Commit
[Info][02:17:25.927] Sending Block: height=127 hash=0x7f72ef3cbe47de783963a4c8b7aada003382da93af413f2e2867b83bb6eaf7e3 tx=0
[Info][02:17:25.929] Persisted Block: height=127 hash=0x7f72ef3cbe47de783963a4c8b7aada003382da93af413f2e2867b83bb6eaf7e3 tx=0 nonce=11505566103009760970
[Info][02:17:25.930] Initialize: height=128 view=0 index=0 role=Primary
[Info][02:17:40.942] Sending PrepareRequest: height=128 view=0
[Info][02:17:40.945] Sending Commit
[Info][02:17:40.948] Sending Block: height=128 hash=0x8b205668392d79ff00aa76ff8c67558cf6ead87f1ed8039c9be7c89495d28a32 tx=0
[Info][02:17:40.950] Persisted Block: height=128 hash=0x8b205668392d79ff00aa76ff8c67558cf6ead87f1ed8039c9be7c89495d28a32 tx=0 nonce=9870222674026051725
[Info][02:17:40.951] Initialize: height=129 view=0 index=0 role=Primary
[Info][02:17:55.954] Sending PrepareRequest: height=129 view=0
[Info][02:17:55.958] Sending Commit
[Info][02:17:55.961] Sending Block: height=129 hash=0x0d4138bebfc6273156529b0fd566e36871d398bec33e955e43878f75ac3e4dfe tx=0
[Info][02:17:55.963] Persisted Block: height=129 hash=0x0d4138bebfc6273156529b0fd566e36871d398bec33e955e43878f75ac3e4dfe tx=0 nonce=9737549012802330013
[Info][02:17:55.964] Initialize: height=130 view=0 index=0 role=Primary
[Info][02:18:10.974] Sending PrepareRequest: height=130 view=0
[Info][02:18:10.977] Sending Commit
[Info][02:18:10.981] Sending Block: height=130 hash=0x9eb48433db57f90811a0e33dcac2ba5f1e9941eb3fe4b45dc9342c0b85f7ac0e tx=0
[Info][02:18:10.982] Persisted Block: height=130 hash=0x9eb48433db57f90811a0e33dcac2ba5f1e9941eb3fe4b45dc9342c0b85f7ac0e tx=0 nonce=8936856313896381179
[Info][02:18:10.983] Initialize: height=131 view=0 index=0 role=Primary
[Info][02:18:26.001] Sending PrepareRequest: height=131 view=0
[Info][02:18:26.004] Sending Commit
[Info][02:18:26.008] Sending Block: height=131 hash=0xb2b91a0de27388f7986b9131fb172a1483fb9bdb43eea7b734da9add4854de80 tx=0
[Info][02:18:26.011] Persisted Block: height=131 hash=0xb2b91a0de27388f7986b9131fb172a1483fb9bdb43eea7b734da9add4854de80 tx=0 nonce=8828156846859308079
[Info][02:18:26.012] Initialize: height=132 view=0 index=0 role=Primary
[Info][02:18:41.011] Sending PrepareRequest: height=132 view=0
[Info][02:18:41.015] Sending Commit
[Info][02:18:41.018] Sending Block: height=132 hash=0xe858f35b41755917cddf678070127d804959ae77ded9646eb0aad8494ee0864f tx=0
[Info][02:18:41.020] Persisted Block: height=132 hash=0xe858f35b41755917cddf678070127d804959ae77ded9646eb0aad8494ee0864f tx=0 nonce=2212742785742870515
[Info][02:18:41.021] Initialize: height=133 view=0 index=0 role=Primary
[Info][02:18:56.021] Sending PrepareRequest: height=133 view=0
[Info][02:18:56.024] Sending Commit
[Info][02:18:56.027] Sending Block: height=133 hash=0x7aba8f916afd78a04062838e8ba4a12780ab42b04d35181fd7b29fd741431ccf tx=0
[Info][02:18:56.029] Persisted Block: height=133 hash=0x7aba8f916afd78a04062838e8ba4a12780ab42b04d35181fd7b29fd741431ccf tx=0 nonce=12601536178521223761
[Info][02:18:56.031] Initialize: height=134 view=0 index=0 role=Primary
[Info][02:19:11.046] Sending PrepareRequest: height=134 view=0
[Info][02:19:11.049] Sending Commit
[Info][02:19:11.052] Sending Block: height=134 hash=0x91ff1209d2304cc6cc11c622b490adef907dbed47cd70b68c4c17e703310438d tx=0
[Info][02:19:11.054] Persisted Block: height=134 hash=0x91ff1209d2304cc6cc11c622b490adef907dbed47cd70b68c4c17e703310438d tx=0 nonce=16129200949010337154
[Info][02:19:11.055] Initialize: height=135 view=0 index=0 role=Primary
[Info][02:19:26.062] Sending PrepareRequest: height=135 view=0
[Info][02:19:26.065] Sending Commit
[Info][02:19:26.068] Sending Block: height=135 hash=0xf8fa6294e6e90aac8631e2de399a012afd0b4b59694aa84b97d459ded81a0377 tx=0
[Info][02:19:26.070] Persisted Block: height=135 hash=0xf8fa6294e6e90aac8631e2de399a012afd0b4b59694aa84b97d459ded81a0377 tx=0 nonce=10116682406743842070
[Info][02:19:26.072] Initialize: height=136 view=0 index=0 role=Primary
[Info][02:19:41.081] Sending PrepareRequest: height=136 view=0
[Info][02:19:41.084] Sending Commit
[Info][02:19:41.087] Sending Block: height=136 hash=0xabbf213c4fc4e639abb1693e12620318fc57d16406213ad8c95a9dc0c18606d0 tx=0
[Info][02:19:41.089] Persisted Block: height=136 hash=0xabbf213c4fc4e639abb1693e12620318fc57d16406213ad8c95a9dc0c18606d0 tx=0 nonce=17244750090260541896
[Info][02:19:41.090] Initialize: height=137 view=0 index=0 role=Primary
[Info][02:19:56.093] Sending PrepareRequest: height=137 view=0
[Info][02:19:56.097] Sending Commit
[Info][02:19:56.100] Sending Block: height=137 hash=0xd2a3b18f699379008399ca8d4c2060647855f0db5fc01fa9c2d6c7d9dbfdd83a tx=0
[Info][02:19:56.102] Persisted Block: height=137 hash=0xd2a3b18f699379008399ca8d4c2060647855f0db5fc01fa9c2d6c7d9dbfdd83a tx=0 nonce=1360852014353474770
[Info][02:19:56.103] Initialize: height=138 view=0 index=0 role=Primary
